<?xml version="1.0" encoding="UTF-8"?>
<testng-results skipped="0" failed="1" ignored="2" total="4" passed="1">
  <reporter-output>
  </reporter-output>
  <suite name="Default suite" duration-ms="33715" started-at="2019-03-09T18:47:03Z" finished-at="2019-03-09T18:47:37Z">
    <groups>
    </groups>
    <test name="Default test" duration-ms="33715" started-at="2019-03-09T18:47:03Z" finished-at="2019-03-09T18:47:37Z">
      <class name="BaseTest.ExcelMethods">
        <test-method status="PASS" signature="beforeTest()[pri:0, instance:BaseTest.ExcelMethods@42e26948]" name="beforeTest" is-config="true" duration-ms="29983" started-at="2019-03-09T18:47:03Z" finished-at="2019-03-09T18:47:33Z">
          <reporter-output>
          </reporter-output>
        </test-method> <!-- beforeTest -->
        <test-method status="PASS" signature="beforeMethod()[pri:0, instance:BaseTest.ExcelMethods@42e26948]" name="beforeMethod" is-config="true" duration-ms="309" started-at="2019-03-09T18:47:33Z" finished-at="2019-03-09T18:47:34Z">
          <reporter-output>
          </reporter-output>
        </test-method> <!-- beforeMethod -->
        <test-method status="PASS" signature="Initialization()[pri:0, instance:BaseTest.ExcelMethods@42e26948]" name="Initialization" duration-ms="2809" started-at="2019-03-09T18:47:34Z" finished-at="2019-03-09T18:47:36Z">
          <reporter-output>
          </reporter-output>
        </test-method> <!-- Initialization -->
        <test-method status="PASS" signature="aftertest()[pri:0, instance:BaseTest.ExcelMethods@42e26948]" name="aftertest" is-config="true" duration-ms="551" started-at="2019-03-09T18:47:36Z" finished-at="2019-03-09T18:47:37Z">
          <reporter-output>
          </reporter-output>
        </test-method> <!-- aftertest -->
      </class> <!-- BaseTest.ExcelMethods -->
      <class name="BaseTest.MainTest">
        <test-method status="FAIL" signature="Initialization()[pri:0, instance:BaseTest.MainTest@57baeedf]" name="Initialization" duration-ms="0" started-at="2019-03-09T18:47:36Z" finished-at="2019-03-09T18:47:36Z">
          <exception class="java.lang.NullPointerException">
            <full-stacktrace>
              <![CDATA[java.lang.NullPointerException
at BaseTest.MainTest.Initialization(MainTest.java:72)
at sun.reflect.NativeMethodAccessorImpl.invoke0(Native Method)
at sun.reflect.NativeMethodAccessorImpl.invoke(Unknown Source)
at sun.reflect.DelegatingMethodAccessorImpl.invoke(Unknown Source)
at java.lang.reflect.Method.invoke(Unknown Source)
at org.testng.internal.MethodInvocationHelper.invokeMethod(MethodInvocationHelper.java:124)
at org.testng.internal.Invoker.invokeMethod(Invoker.java:580)
at org.testng.internal.Invoker.invokeTestMethod(Invoker.java:716)
at org.testng.internal.Invoker.invokeTestMethods(Invoker.java:988)
at org.testng.internal.TestMethodWorker.invokeTestMethods(TestMethodWorker.java:125)
at org.testng.internal.TestMethodWorker.run(TestMethodWorker.java:109)
at org.testng.TestRunner.privateRun(TestRunner.java:648)
at org.testng.TestRunner.run(TestRunner.java:505)
at org.testng.SuiteRunner.runTest(SuiteRunner.java:455)
at org.testng.SuiteRunner.runSequentially(SuiteRunner.java:450)
at org.testng.SuiteRunner.privateRun(SuiteRunner.java:415)
at org.testng.SuiteRunner.run(SuiteRunner.java:364)
at org.testng.SuiteRunnerWorker.runSuite(SuiteRunnerWorker.java:52)
at org.testng.SuiteRunnerWorker.run(SuiteRunnerWorker.java:84)
at org.testng.TestNG.runSuitesSequentially(TestNG.java:1208)
at org.testng.TestNG.runSuitesLocally(TestNG.java:1137)
at org.testng.TestNG.runSuites(TestNG.java:1049)
at org.testng.TestNG.run(TestNG.java:1017)
at org.testng.remote.AbstractRemoteTestNG.run(AbstractRemoteTestNG.java:114)
at org.testng.remote.RemoteTestNG.initAndRun(RemoteTestNG.java:251)
at org.testng.remote.RemoteTestNG.main(RemoteTestNG.java:77)
]]>
            </full-stacktrace>
          </exception> <!-- java.lang.NullPointerException -->
          <reporter-output>
          </reporter-output>
        </test-method> <!-- Initialization -->
        <test-method status="PASS" signature="beforeMethod()[pri:0, instance:BaseTest.MainTest@57baeedf]" name="beforeMethod" is-config="true" duration-ms="0" started-at="2019-03-09T18:47:36Z" finished-at="2019-03-09T18:47:36Z">
          <reporter-output>
          </reporter-output>
        </test-method> <!-- beforeMethod -->
      </class> <!-- BaseTest.MainTest -->
    </test> <!-- Default test -->
  </suite> <!-- Default suite -->
</testng-results>
