<?xml version="1.0" encoding="UTF-8"?>
<testng-results skipped="0" failed="0" ignored="0" total="1" passed="1">
  <reporter-output>
  </reporter-output>
  <suite name="Default suite" duration-ms="30497" started-at="2019-03-12T16:37:07Z" finished-at="2019-03-12T16:37:37Z">
    <groups>
    </groups>
    <test name="Default test" duration-ms="30497" started-at="2019-03-12T16:37:07Z" finished-at="2019-03-12T16:37:37Z">
      <class name="BaseTest.TestClass01">
        <test-method status="PASS" signature="beforeTest()[pri:0, instance:BaseTest.TestClass01@7d9d1a19]" name="beforeTest" is-config="true" duration-ms="23616" started-at="2019-03-12T16:37:07Z" finished-at="2019-03-12T16:37:30Z">
          <reporter-output>
          </reporter-output>
        </test-method> <!-- beforeTest -->
        <test-method status="PASS" signature="beforeMethod()[pri:0, instance:BaseTest.TestClass01@7d9d1a19]" name="beforeMethod" is-config="true" duration-ms="469" started-at="2019-03-12T16:37:30Z" finished-at="2019-03-12T16:37:31Z">
          <reporter-output>
          </reporter-output>
        </test-method> <!-- beforeMethod -->
        <test-method status="PASS" signature="Initialization()[pri:0, instance:BaseTest.TestClass01@7d9d1a19]" name="Initialization" duration-ms="3941" started-at="2019-03-12T16:37:31Z" finished-at="2019-03-12T16:37:35Z">
          <reporter-output>
          </reporter-output>
        </test-method> <!-- Initialization -->
        <test-method status="PASS" signature="aftertest()[pri:0, instance:BaseTest.TestClass01@7d9d1a19]" name="aftertest" is-config="true" duration-ms="2396" started-at="2019-03-12T16:37:35Z" finished-at="2019-03-12T16:37:37Z">
          <reporter-output>
          </reporter-output>
        </test-method> <!-- aftertest -->
      </class> <!-- BaseTest.TestClass01 -->
    </test> <!-- Default test -->
  </suite> <!-- Default suite -->
</testng-results>
